0 info it worked if it ends with ok
1 verbose cli [ 'node', '/usr/local/bin/npm', 'install', 'xelatex', '-g' ]
2 info using npm@1.1.48
3 info using node@v0.8.6
4 verbose config file /Users/apple/.npmrc
5 verbose config file /usr/local/etc/npmrc
6 verbose config file /usr/local/lib/node_modules/npm/npmrc
7 verbose read json /usr/local/lib/package.json
8 verbose read json /usr/local/lib/package.json
9 verbose cache add [ 'xelatex', null ]
10 silly cache add name=undefined spec="xelatex" args=["xelatex",null]
11 verbose parsed url { pathname: 'xelatex', path: 'xelatex', href: 'xelatex' }
12 silly lockFile 3002f692-xelatex xelatex
13 verbose lock xelatex /Users/apple/.npm/3002f692-xelatex.lock
14 silly lockFile 3002f692-xelatex xelatex
15 verbose addNamed [ 'xelatex', '' ]
16 verbose addNamed [ null, '' ]
17 silly lockFile 20477d56-xelatex xelatex@
18 verbose lock xelatex@ /Users/apple/.npm/20477d56-xelatex.lock
19 silly addNameRange { name: 'xelatex', range: '', hasData: false }
20 verbose url raw xelatex
21 verbose url resolving [ 'http://registry.npmjs.org/', './xelatex' ]
22 verbose url resolved http://registry.npmjs.org/xelatex
23 info retry registry request attempt 1 at 15:44:45
24 http GET http://registry.npmjs.org/xelatex
25 http 404 http://registry.npmjs.org/xelatex
26 silly registry.get cb [ 404,
26 silly registry.get   { server: 'CouchDB/1.3.0 (Erlang OTP/R15B03)',
26 silly registry.get     date: 'Sun, 04 Aug 2013 14:45:24 GMT',
26 silly registry.get     'content-type': 'application/json',
26 silly registry.get     'content-length': '52',
26 silly registry.get     'cache-control': 'must-revalidate' } ]
27 silly lockFile 20477d56-xelatex xelatex@
28 error 404 'xelatex' is not in the npm registry.
28 error 404 You should bug the author to publish it
28 error 404
28 error 404 Note that you can also install from a
28 error 404 tarball, folder, or http url, or git url.
29 error System Darwin 11.4.2
30 error command "node" "/usr/local/bin/npm" "install" "xelatex" "-g"
31 error cwd /Users/apple/projects/backbone-fundamentals
32 error node -v v0.8.6
33 error npm -v 1.1.48
34 error code E404
35 verbose exit [ 1, true ]
